<?xml version="1.0" encoding="UTF-8"?>
<testng-results ignored="0" total="1" passed="1" failed="0" skipped="0">
  <reporter-output>
  </reporter-output>
  <suite started-at="2024-05-13T18:27:33 EDT" name="Default suite" finished-at="2024-05-13T18:28:24 EDT" duration-ms="51110">
    <groups>
    </groups>
    <test started-at="2024-05-13T18:27:33 EDT" name="Default test" finished-at="2024-05-13T18:28:24 EDT" duration-ms="51110">
      <class name="com.Bilal_AbbasIshq.Bilal_AbbasIshq.Multi_Scenario">
        <test-method signature="Scenario()[pri:0, instance:com.Bilal_AbbasIshq.Bilal_AbbasIshq.Multi_Scenario@fa49800]" started-at="2024-05-13T18:27:33 EDT" name="Scenario" finished-at="2024-05-13T18:28:24 EDT" duration-ms="51062" status="PASS">
          <reporter-output>
          </reporter-output>
        </test-method> <!-- Scenario -->
      </class> <!-- com.Bilal_AbbasIshq.Bilal_AbbasIshq.Multi_Scenario -->
    </test> <!-- Default test -->
  </suite> <!-- Default suite -->
</testng-results>
